{"level":"info","message":"Connected to MongoDB successfully","service":"user-service","timestamp":"2023-10-31 11:24:52"}
{"level":"info","message":"connect ETIMEDOUT 3.225.156.21:27017","service":"user-service","timestamp":"2023-10-31 11:25:24"}
{"level":"info","message":"Connected to MongoDB successfully","service":"user-service","timestamp":"2023-10-31 11:25:36"}
{"level":"info","message":"Connected to MongoDB successfully","service":"user-service","timestamp":"2023-10-31 12:06:23"}
{"level":"info","message":"connect ETIMEDOUT 3.225.156.21:27017","service":"user-service","timestamp":"2023-10-31 12:07:21"}
{"level":"info","message":"Connected to MongoDB successfully","service":"user-service","timestamp":"2023-10-31 12:07:48"}
{"level":"info","message":"Connected to MongoDB successfully","service":"user-service","timestamp":"2023-10-31 12:08:57"}
{"level":"info","message":"Connected to MongoDB successfully","service":"user-service","timestamp":"2023-10-31 12:11:31"}
{"level":"info","message":"connect ETIMEDOUT 3.225.156.21:27017","service":"user-service","timestamp":"2023-10-31 12:13:01"}
{"level":"info","message":"Connected to MongoDB successfully","service":"user-service","timestamp":"2023-10-31 12:14:43"}
{"level":"info","message":"connect ETIMEDOUT 3.225.156.21:27017","service":"user-service","timestamp":"2023-10-31 12:17:13"}
{"level":"info","message":"Connected to MongoDB successfully","service":"user-service","timestamp":"2023-10-31 12:20:18"}
{"level":"info","message":"Connected to MongoDB successfully","service":"user-service","timestamp":"2023-10-31 13:26:56"}
{"level":"info","message":"Connected to MongoDB successfully","service":"user-service","timestamp":"2023-10-31 13:31:18"}
{"level":"info","message":"Connected to MongoDB successfully","service":"user-service","timestamp":"2023-10-31 13:33:53"}
{"level":"info","message":"Connected to MongoDB successfully","service":"user-service","timestamp":"2023-10-31 13:44:55"}
{"level":"info","message":"Connected to MongoDB successfully","service":"user-service","timestamp":"2023-10-31 13:49:02"}
{"level":"info","message":"Connected to MongoDB successfully","service":"user-service","timestamp":"2023-10-31 13:50:07"}
{"level":"info","message":"Connected to MongoDB successfully","service":"user-service","timestamp":"2023-10-31 13:54:42"}
{"level":"info","message":"Connected to MongoDB successfully","service":"user-service","timestamp":"2023-10-31 13:55:58"}
{"level":"info","message":"Connected to MongoDB successfully","service":"user-service","timestamp":"2023-10-31 14:03:09"}
{"level":"info","message":"Connected to MongoDB successfully","service":"user-service","timestamp":"2023-10-31 14:08:20"}
{"level":"info","message":"Connected to MongoDB successfully","service":"user-service","timestamp":"2023-10-31 15:44:58"}
{"level":"info","message":"Connected to MongoDB successfully","service":"user-service","timestamp":"2023-10-31 15:46:50"}
{"level":"info","message":"Connected to MongoDB successfully","service":"user-service","timestamp":"2023-10-31 15:49:30"}
{"level":"info","message":"Connected to MongoDB successfully","service":"user-service","timestamp":"2023-10-31 15:50:22"}
{"level":"info","message":"Connected to MongoDB successfully","service":"user-service","timestamp":"2023-10-31 15:50:40"}
{"level":"info","message":"Connected to MongoDB successfully","service":"user-service","timestamp":"2023-10-31 15:51:35"}
{"level":"info","message":"Connected to MongoDB successfully","service":"user-service","timestamp":"2023-10-31 15:52:17"}
{"level":"info","message":"Connected to MongoDB successfully","service":"user-service","timestamp":"2023-10-31 15:56:41"}
{"level":"info","message":"Connected to MongoDB successfully","service":"user-service","timestamp":"2023-10-31 16:02:00"}
{"level":"info","message":"Connected to MongoDB successfully","service":"user-service","timestamp":"2023-10-31 16:02:51"}
{"level":"info","message":"Connected to MongoDB successfully","service":"user-service","timestamp":"2023-10-31 16:04:56"}
{"level":"info","message":"Connected to MongoDB successfully","service":"user-service","timestamp":"2023-10-31 16:05:44"}
{"level":"info","message":"Connected to MongoDB successfully","service":"user-service","timestamp":"2023-10-31 16:12:33"}
{"level":"info","message":"Connected to MongoDB successfully","service":"user-service","timestamp":"2023-10-31 16:14:37"}
{"level":"info","message":"Connected to MongoDB successfully","service":"user-service","timestamp":"2023-10-31 16:20:40"}
{"level":"info","message":"Connected to MongoDB successfully","service":"user-service","timestamp":"2023-10-31 16:25:09"}
{"level":"info","message":"Connected to MongoDB successfully","service":"user-service","timestamp":"2023-10-31 16:33:19"}
{"level":"info","message":"Connected to MongoDB successfully","service":"user-service","timestamp":"2023-10-31 16:34:53"}
{"level":"info","message":"Connected to MongoDB successfully","service":"user-service","timestamp":"2023-10-31 16:59:46"}
{"level":"info","message":"Connected to MongoDB successfully","service":"user-service","timestamp":"2023-10-31 17:01:13"}
{"level":"info","message":"Connected to MongoDB successfully","service":"user-service","timestamp":"2023-10-31 17:22:36"}
{"level":"info","message":"Connected to MongoDB successfully","service":"user-service","timestamp":"2023-10-31 17:27:56"}
{"level":"info","message":"Connected to MongoDB successfully","service":"user-service","timestamp":"2023-10-31 17:30:22"}
{"level":"info","message":"Connected to MongoDB successfully","service":"user-service","timestamp":"2023-10-31 17:31:19"}
{"level":"info","message":"Connected to MongoDB successfully","service":"user-service","timestamp":"2023-10-31 21:06:30"}
{"level":"info","message":"Connected to MongoDB successfully","service":"user-service","timestamp":"2023-10-31 21:23:55"}
{"level":"info","message":"Connected to MongoDB successfully","service":"user-service","timestamp":"2023-10-31 21:25:35"}
{"level":"info","message":"Connected to MongoDB successfully","service":"user-service","timestamp":"2023-10-31 21:28:18"}
{"level":"info","message":"Connected to MongoDB successfully","service":"user-service","timestamp":"2023-11-01 11:30:54"}
{"level":"info","message":"Connected to MongoDB successfully","service":"user-service","timestamp":"2023-11-01 11:33:46"}
{"level":"info","message":"Connected to MongoDB successfully","service":"user-service","timestamp":"2023-11-01 11:35:11"}
{"level":"info","message":"Connected to MongoDB successfully","service":"user-service","timestamp":"2023-11-01 11:35:16"}
{"level":"info","message":"Connected to MongoDB successfully","service":"user-service","timestamp":"2023-11-01 11:37:07"}
{"level":"info","message":"Connection to ac-aqebr4l-shard-00-01.tfvswdr.mongodb.net:27017 interrupted due to server monitor timeout","service":"user-service","timestamp":"2023-11-01 11:39:21"}
{"level":"info","message":"Connected to MongoDB successfully","service":"user-service","timestamp":"2023-11-01 11:39:50"}
{"level":"info","message":"Connected to MongoDB successfully","service":"user-service","timestamp":"2023-11-01 11:58:29"}
{"level":"info","message":"Connected to MongoDB successfully","service":"user-service","timestamp":"2023-11-01 12:00:03"}
{"level":"info","message":"Connected to MongoDB successfully","service":"user-service","timestamp":"2023-11-01 12:00:39"}
{"level":"info","message":"Connected to MongoDB successfully","service":"user-service","timestamp":"2023-11-01 12:03:44"}
{"level":"info","message":"Connected to MongoDB successfully","service":"user-service","timestamp":"2023-11-01 12:06:24"}
{"level":"info","message":"Connected to MongoDB successfully","service":"user-service","timestamp":"2023-11-01 12:09:39"}
{"level":"info","message":"Connected to MongoDB successfully","service":"user-service","timestamp":"2023-11-01 12:12:04"}
{"level":"info","message":"Connected to MongoDB successfully","service":"user-service","timestamp":"2023-11-01 12:13:13"}
{"level":"info","message":"Connected to MongoDB successfully","service":"user-service","timestamp":"2023-11-01 12:14:14"}
{"level":"info","message":"Connected to MongoDB successfully","service":"user-service","timestamp":"2023-11-01 12:19:05"}
{"level":"info","message":"Connected to MongoDB successfully","service":"user-service","timestamp":"2023-11-01 12:21:00"}
{"level":"info","message":"Connected to MongoDB successfully","service":"user-service","timestamp":"2023-11-01 12:21:45"}
{"level":"info","message":"Connected to MongoDB successfully","service":"user-service","timestamp":"2023-11-01 12:23:35"}
{"level":"info","message":"Connected to MongoDB successfully","service":"user-service","timestamp":"2023-11-01 12:24:57"}
{"level":"info","message":"Connected to MongoDB successfully","service":"user-service","timestamp":"2023-11-01 12:25:21"}
{"level":"info","message":"Connected to MongoDB successfully","service":"user-service","timestamp":"2023-11-01 12:25:27"}
{"level":"info","message":"Connected to MongoDB successfully","service":"user-service","timestamp":"2023-11-01 12:36:45"}
{"level":"info","message":"Connected to MongoDB successfully","service":"user-service","timestamp":"2023-11-01 12:39:14"}
{"level":"info","message":"Connected to MongoDB successfully","service":"user-service","timestamp":"2023-11-01 12:40:15"}
{"level":"info","message":"Connected to MongoDB successfully","service":"user-service","timestamp":"2023-11-01 12:42:02"}
{"level":"info","message":"Connected to MongoDB successfully","service":"user-service","timestamp":"2023-11-01 12:42:41"}
{"level":"info","message":"Connected to MongoDB successfully","service":"user-service","timestamp":"2023-11-01 12:43:14"}
{"level":"info","message":"Connected to MongoDB successfully","service":"user-service","timestamp":"2023-11-01 12:43:59"}
{"level":"info","message":"Connected to MongoDB successfully","service":"user-service","timestamp":"2023-11-01 12:44:10"}
{"level":"info","message":"Connected to MongoDB successfully","service":"user-service","timestamp":"2023-11-01 12:48:00"}
{"level":"info","message":"Connected to MongoDB successfully","service":"user-service","timestamp":"2023-11-01 12:55:10"}
{"level":"info","message":"Connected to MongoDB successfully","service":"user-service","timestamp":"2023-11-01 12:58:23"}
{"level":"info","message":"Connected to MongoDB successfully","service":"user-service","timestamp":"2023-11-01 13:08:03"}
{"level":"info","message":"Connected to MongoDB successfully","service":"user-service","timestamp":"2023-11-01 13:08:43"}
{"level":"info","message":"Connected to MongoDB successfully","service":"user-service","timestamp":"2023-11-01 13:59:27"}
{"level":"info","message":"Connected to MongoDB successfully","service":"user-service","timestamp":"2023-11-01 14:11:28"}
{"level":"error","message":"Hostname/IP does not match certificate's altnames: Host: dataavenue.ng. is not in the cert's altnames: DNS:api.simservers.io","service":"user-service","timestamp":"2023-11-01 14:37:42"}
{"level":"info","message":"Connected to MongoDB successfully","service":"user-service","timestamp":"2023-11-01 14:51:49"}
{"level":"info","message":"Connected to MongoDB successfully","service":"user-service","timestamp":"2023-11-02 09:36:44"}
{"level":"info","message":"Connected to MongoDB successfully","service":"user-service","timestamp":"2023-11-02 12:01:52"}
{"level":"info","message":"Connected to MongoDB successfully","service":"user-service","timestamp":"2023-11-02 12:03:01"}
{"level":"info","message":"Connected to MongoDB successfully","service":"user-service","timestamp":"2023-11-02 12:06:12"}
{"level":"info","message":"Connected to MongoDB successfully","service":"user-service","timestamp":"2023-11-02 12:07:57"}
{"level":"info","message":"Connected to MongoDB successfully","service":"user-service","timestamp":"2023-11-02 12:09:28"}
{"level":"info","message":"Connected to MongoDB successfully","service":"user-service","timestamp":"2023-11-02 12:11:25"}
{"level":"info","message":"Connected to MongoDB successfully","service":"user-service","timestamp":"2023-11-02 12:15:40"}
{"level":"info","message":"Connected to MongoDB successfully","service":"user-service","timestamp":"2023-11-02 12:27:14"}
{"level":"info","message":"Connected to MongoDB successfully","service":"user-service","timestamp":"2023-11-02 12:28:34"}
{"level":"info","message":"Connected to MongoDB successfully","service":"user-service","timestamp":"2023-11-02 12:29:01"}
{"level":"info","message":"Connected to MongoDB successfully","service":"user-service","timestamp":"2023-11-02 12:34:43"}
{"level":"info","message":"Connected to MongoDB successfully","service":"user-service","timestamp":"2023-11-02 12:52:45"}
{"level":"info","message":"Connected to MongoDB successfully","service":"user-service","timestamp":"2023-11-02 13:18:59"}
{"level":"info","message":"Connected to MongoDB successfully","service":"user-service","timestamp":"2023-11-02 13:21:21"}
{"level":"info","message":"Connected to MongoDB successfully","service":"user-service","timestamp":"2023-11-02 13:24:13"}
{"level":"info","message":"Connected to MongoDB successfully","service":"user-service","timestamp":"2023-11-02 13:25:17"}
{"level":"info","message":"Connected to MongoDB successfully","service":"user-service","timestamp":"2023-11-02 13:25:26"}
{"level":"info","message":"Connected to MongoDB successfully","service":"user-service","timestamp":"2023-11-02 13:26:29"}
{"level":"info","message":"Connected to MongoDB successfully","service":"user-service","timestamp":"2023-11-02 13:29:25"}
{"level":"info","message":"Connected to MongoDB successfully","service":"user-service","timestamp":"2023-11-02 13:33:11"}
{"level":"info","message":"Connected to MongoDB successfully","service":"user-service","timestamp":"2023-11-02 13:34:36"}
{"level":"info","message":"querySrv ETIMEOUT _mongodb._tcp.cluster0.tfvswdr.mongodb.net","service":"user-service","timestamp":"2023-11-02 13:41:39"}
{"level":"info","message":"Connected to MongoDB successfully","service":"user-service","timestamp":"2023-11-02 13:42:38"}
{"level":"info","message":"Connected to MongoDB successfully","service":"user-service","timestamp":"2023-11-02 13:49:48"}
{"level":"info","message":"Connected to MongoDB successfully","service":"user-service","timestamp":"2023-11-02 14:05:11"}
{"level":"info","message":"Connected to MongoDB successfully","service":"user-service","timestamp":"2023-11-02 14:06:53"}
{"level":"info","message":"Connected to MongoDB successfully","service":"user-service","timestamp":"2023-11-02 14:08:14"}
{"level":"info","message":"Connected to MongoDB successfully","service":"user-service","timestamp":"2023-11-02 14:20:48"}
{"level":"info","message":"Connected to MongoDB successfully","service":"user-service","timestamp":"2023-11-02 14:23:53"}
{"level":"info","message":"Connected to MongoDB successfully","service":"user-service","timestamp":"2023-11-02 14:26:20"}
{"level":"info","message":"Connected to MongoDB successfully","service":"user-service","timestamp":"2023-11-02 14:31:44"}
{"level":"info","message":"Connected to MongoDB successfully","service":"user-service","timestamp":"2023-11-02 14:34:06"}
{"level":"info","message":"Connected to MongoDB successfully","service":"user-service","timestamp":"2023-11-02 20:19:11"}
{"level":"info","message":"Connected to MongoDB successfully","service":"user-service","timestamp":"2023-11-02 20:19:40"}
{"level":"info","message":"Connected to MongoDB successfully","service":"user-service","timestamp":"2023-11-02 20:21:33"}
{"level":"info","message":"Connected to MongoDB successfully","service":"user-service","timestamp":"2023-11-02 20:30:14"}
{"level":"info","message":"Could not connect to any servers in your MongoDB Atlas cluster. One common reason is that you're trying to access the database from an IP that isn't whitelisted. Make sure your current IP address is on your Atlas cluster's IP whitelist: https://www.mongodb.com/docs/atlas/security-whitelist/","service":"user-service","timestamp":"2023-11-02 20:40:36"}
{"level":"info","message":"Connected to MongoDB successfully","service":"user-service","timestamp":"2023-11-02 20:43:31"}
{"level":"info","message":"Connected to MongoDB successfully","service":"user-service","timestamp":"2023-11-02 20:45:36"}
{"level":"info","message":"Connected to MongoDB successfully","service":"user-service","timestamp":"2023-11-02 20:48:08"}
{"level":"info","message":"Connected to MongoDB successfully","service":"user-service","timestamp":"2023-11-02 20:50:00"}
{"level":"info","message":"Connected to MongoDB successfully","service":"user-service","timestamp":"2023-11-04 19:43:54"}
{"level":"info","message":"Connected to MongoDB successfully","service":"user-service","timestamp":"2023-11-04 19:46:58"}
{"level":"info","message":"Connected to MongoDB successfully","service":"user-service","timestamp":"2023-11-04 19:50:54"}
{"level":"info","message":"Connected to MongoDB successfully","service":"user-service","timestamp":"2023-11-04 20:28:18"}
{"level":"info","message":"Connected to MongoDB successfully","service":"user-service","timestamp":"2023-11-04 20:30:09"}
{"level":"info","message":"Connected to MongoDB successfully","service":"user-service","timestamp":"2023-11-04 20:56:27"}
{"level":"info","message":"Connected to MongoDB successfully","service":"user-service","timestamp":"2023-11-04 21:01:14"}
{"level":"info","message":"Connected to MongoDB successfully","service":"user-service","timestamp":"2023-11-04 21:07:50"}
{"level":"info","message":"Connected to MongoDB successfully","service":"user-service","timestamp":"2023-11-04 21:09:44"}
{"level":"info","message":"Connected to MongoDB successfully","service":"user-service","timestamp":"2023-11-04 22:26:35"}
{"level":"info","message":"Connected to MongoDB successfully","service":"user-service","timestamp":"2023-11-04 22:29:10"}
{"level":"info","message":"Connected to MongoDB successfully","service":"user-service","timestamp":"2023-11-04 22:33:58"}
{"level":"info","message":"Connected to MongoDB successfully","service":"user-service","timestamp":"2023-11-04 22:34:55"}
{"level":"info","message":"Connected to MongoDB successfully","service":"user-service","timestamp":"2023-11-04 22:36:33"}
{"level":"info","message":"Connected to MongoDB successfully","service":"user-service","timestamp":"2023-11-04 22:37:39"}
{"level":"info","message":"Connected to MongoDB successfully","service":"user-service","timestamp":"2023-11-04 22:40:11"}
{"level":"error","message":"Cannot read properties of undefined (reading 'data')","service":"user-service","timestamp":"2023-11-04 22:40:41"}
{"level":"info","message":"Connected to MongoDB successfully","service":"user-service","timestamp":"2023-11-04 23:01:23"}
{"level":"error","message":"Cannot read properties of undefined (reading 'plan_network')","service":"user-service","timestamp":"2023-11-04 23:01:52"}
{"level":"info","message":"Connected to MongoDB successfully","service":"user-service","timestamp":"2023-11-04 23:13:34"}
{"level":"error","message":"Cannot read properties of undefined (reading 'plan_network')","service":"user-service","timestamp":"2023-11-04 23:15:16"}
{"level":"info","message":"Connected to MongoDB successfully","service":"user-service","timestamp":"2023-11-04 23:17:45"}
{"level":"error","message":"Cannot read properties of undefined (reading 'data')","service":"user-service","timestamp":"2023-11-04 23:18:16"}
{"level":"info","message":"Connected to MongoDB successfully","service":"user-service","timestamp":"2023-11-04 23:21:26"}
{"level":"error","message":"Cannot read properties of undefined (reading 'plan_network')","service":"user-service","timestamp":"2023-11-04 23:21:52"}
{"level":"info","message":"Connected to MongoDB successfully","service":"user-service","timestamp":"2023-11-04 23:24:56"}
{"level":"error","message":"Cannot read properties of undefined (reading 'plan_network')","service":"user-service","timestamp":"2023-11-04 23:26:10"}
{"level":"info","message":"Connected to MongoDB successfully","service":"user-service","timestamp":"2023-11-04 23:26:38"}
{"level":"error","message":"Cannot read properties of undefined (reading 'plan_network')","service":"user-service","timestamp":"2023-11-04 23:27:03"}
{"level":"info","message":"Connected to MongoDB successfully","service":"user-service","timestamp":"2023-11-04 23:28:27"}
{"level":"error","message":"Cannot read properties of undefined (reading 'hasOwnProperty')","service":"user-service","timestamp":"2023-11-04 23:29:02"}
{"level":"info","message":"Connected to MongoDB successfully","service":"user-service","timestamp":"2023-11-04 23:35:31"}
{"level":"error","message":"Cannot read properties of undefined (reading 'hasOwnProperty')","service":"user-service","timestamp":"2023-11-04 23:36:09"}
{"level":"info","message":"Connected to MongoDB successfully","service":"user-service","timestamp":"2023-11-04 23:40:13"}
{"level":"error","message":"Cannot read properties of undefined (reading 'hasOwnProperty')","service":"user-service","timestamp":"2023-11-04 23:41:29"}
{"level":"info","message":"Connected to MongoDB successfully","service":"user-service","timestamp":"2023-11-04 23:45:46"}
{"level":"info","message":"Connected to MongoDB successfully","service":"user-service","timestamp":"2023-11-04 23:46:40"}
{"level":"error","message":"updatedUser is not defined","service":"user-service","timestamp":"2023-11-04 23:47:11"}
{"level":"info","message":"Connected to MongoDB successfully","service":"user-service","timestamp":"2023-11-04 23:51:42"}
{"level":"error","message":"Cannot read properties of undefined (reading 'walletBalance')","service":"user-service","timestamp":"2023-11-04 23:54:04"}
{"level":"info","message":"Connected to MongoDB successfully","service":"user-service","timestamp":"2023-11-06 23:03:54"}
{"level":"error","message":"Cannot read properties of undefined (reading 'walletBalance')","service":"user-service","timestamp":"2023-11-06 23:07:24"}
{"level":"info","message":"Connected to MongoDB successfully","service":"user-service","timestamp":"2023-11-06 23:12:27"}
{"level":"error","message":"Cannot read properties of undefined (reading 'walletBalance')","service":"user-service","timestamp":"2023-11-06 23:13:59"}
{"level":"info","message":"Connected to MongoDB successfully","service":"user-service","timestamp":"2023-11-06 23:15:59"}
{"level":"info","message":"Could not connect to any servers in your MongoDB Atlas cluster. One common reason is that you're trying to access the database from an IP that isn't whitelisted. Make sure your current IP address is on your Atlas cluster's IP whitelist: https://www.mongodb.com/docs/atlas/security-whitelist/","service":"user-service","timestamp":"2023-11-19 20:01:18"}
{"level":"info","message":"Could not connect to any servers in your MongoDB Atlas cluster. One common reason is that you're trying to access the database from an IP that isn't whitelisted. Make sure your current IP address is on your Atlas cluster's IP whitelist: https://www.mongodb.com/docs/atlas/security-whitelist/","service":"user-service","timestamp":"2023-11-19 20:03:07"}
{"level":"info","message":"Connected to MongoDB successfully","service":"user-service","timestamp":"2023-11-19 20:10:47"}
{"level":"info","message":"Connected to MongoDB successfully","service":"user-service","timestamp":"2023-11-19 20:27:44"}
{"level":"info","message":"Connected to MongoDB successfully","service":"user-service","timestamp":"2023-11-19 20:32:21"}
{"level":"info","message":"Connected to MongoDB successfully","service":"user-service","timestamp":"2023-11-20 06:03:55"}
{"level":"info","message":"Connected to MongoDB successfully","service":"user-service","timestamp":"2023-11-20 06:08:51"}
{"level":"info","message":"Connected to MongoDB successfully","service":"user-service","timestamp":"2023-11-20 16:29:41"}
{"level":"info","message":"Connected to MongoDB successfully","service":"user-service","timestamp":"2023-11-20 17:07:15"}
{"level":"info","message":"Connected to MongoDB successfully","service":"user-service","timestamp":"2023-11-20 17:08:43"}
{"level":"info","message":"Connected to MongoDB successfully","service":"user-service","timestamp":"2023-11-20 17:09:03"}
{"level":"info","message":"Connected to MongoDB successfully","service":"user-service","timestamp":"2023-11-21 08:34:10"}
{"level":"info","message":"Connected to MongoDB successfully","service":"user-service","timestamp":"2023-11-21 08:37:59"}
{"level":"info","message":"Connected to MongoDB successfully","service":"user-service","timestamp":"2023-11-21 08:38:57"}
{"level":"info","message":"Connected to MongoDB successfully","service":"user-service","timestamp":"2023-11-21 08:40:44"}
{"level":"info","message":"Connected to MongoDB successfully","service":"user-service","timestamp":"2023-11-21 08:46:31"}
{"level":"info","message":"Connected to MongoDB successfully","service":"user-service","timestamp":"2023-11-21 08:47:31"}
{"level":"info","message":"Connected to MongoDB successfully","service":"user-service","timestamp":"2023-11-21 08:50:51"}
{"level":"info","message":"Connected to MongoDB successfully","service":"user-service","timestamp":"2023-11-21 11:30:09"}
{"level":"info","message":"Connected to MongoDB successfully","service":"user-service","timestamp":"2023-11-21 11:31:35"}
{"level":"info","message":"Connected to MongoDB successfully","service":"user-service","timestamp":"2023-11-21 11:34:04"}
{"level":"info","message":"Connected to MongoDB successfully","service":"user-service","timestamp":"2023-11-21 11:36:06"}
{"level":"info","message":"Connected to MongoDB successfully","service":"user-service","timestamp":"2023-11-21 14:17:53"}
{"level":"info","message":"Connected to MongoDB successfully","service":"user-service","timestamp":"2023-11-21 14:25:36"}
{"level":"info","message":"Connected to MongoDB successfully","service":"user-service","timestamp":"2023-11-21 14:37:40"}
{"level":"info","message":"Connected to MongoDB successfully","service":"user-service","timestamp":"2023-11-21 14:39:54"}
{"level":"info","message":"Connected to MongoDB successfully","service":"user-service","timestamp":"2023-11-21 14:43:35"}
{"level":"info","message":"Connected to MongoDB successfully","service":"user-service","timestamp":"2023-11-21 14:46:13"}
{"level":"info","message":"Connected to MongoDB successfully","service":"user-service","timestamp":"2023-11-21 14:52:38"}
{"level":"info","message":"Connected to MongoDB successfully","service":"user-service","timestamp":"2023-11-21 15:37:01"}
{"level":"info","message":"Connected to MongoDB successfully","service":"user-service","timestamp":"2023-11-21 15:45:28"}
{"level":"info","message":"Connected to MongoDB successfully","service":"user-service","timestamp":"2023-11-21 15:55:11"}
{"level":"info","message":"Connected to MongoDB successfully","service":"user-service","timestamp":"2023-11-21 17:06:27"}
{"level":"info","message":"Connected to MongoDB successfully","service":"user-service","timestamp":"2023-11-21 17:13:54"}
{"level":"info","message":"Connected to MongoDB successfully","service":"user-service","timestamp":"2023-11-21 18:39:44"}
{"level":"info","message":"Connected to MongoDB successfully","service":"user-service","timestamp":"2023-11-21 18:44:02"}
{"level":"info","message":"Connected to MongoDB successfully","service":"user-service","timestamp":"2023-11-21 18:47:47"}
{"level":"info","message":"Connected to MongoDB successfully","service":"user-service","timestamp":"2023-11-21 18:50:34"}
{"level":"info","message":"Connected to MongoDB successfully","service":"user-service","timestamp":"2023-11-21 18:51:45"}
{"level":"info","message":"Connected to MongoDB successfully","service":"user-service","timestamp":"2023-11-21 18:52:58"}
{"level":"info","message":"Connected to MongoDB successfully","service":"user-service","timestamp":"2023-11-21 18:54:15"}
{"level":"info","message":"Connected to MongoDB successfully","service":"user-service","timestamp":"2023-11-21 18:56:03"}
{"level":"info","message":"Connected to MongoDB successfully","service":"user-service","timestamp":"2023-11-21 18:58:12"}
{"level":"info","message":"Connected to MongoDB successfully","service":"user-service","timestamp":"2023-11-21 19:54:11"}
{"level":"info","message":"Connected to MongoDB successfully","service":"user-service","timestamp":"2023-11-21 20:02:43"}
{"level":"error","service":"user-service","timestamp":"2023-11-21 20:03:42"}
{"level":"info","message":"Connected to MongoDB successfully","service":"user-service","timestamp":"2023-11-21 20:15:57"}
{"level":"error","message":{"code":"ERR_BAD_REQUEST","config":{"adapter":["xhr","http"],"data":"{\"amount\":null,\"email\":\"0knsyo@example.com\",\"phone\":\"2348166358607\",\"bearer\":\"subaccount\",\"metadata\":{\"phone_no\":\"2348166358607\",\"chatId\":\"2348166358607\"}}","env":{},"headers":{"Accept":"application/json, text/plain, */*","Accept-Encoding":"gzip, compress, deflate, br","Authorization":"Bearer sk_live_c5b0064e805778808eb7b352801c62b0188da5dc","Content-Length":"155","Content-Type":"application/json","User-Agent":"axios/1.6.0"},"maxBodyLength":-1,"maxContentLength":-1,"method":"post","timeout":0,"transformRequest":[null],"transformResponse":[null],"transitional":{"clarifyTimeoutError":false,"forcedJSONParsing":true,"silentJSONParsing":true},"url":"https://api.paystack.co/transaction/initialize","xsrfCookieName":"XSRF-TOKEN","xsrfHeaderName":"X-XSRF-TOKEN"},"message":"Request failed with status code 400","name":"AxiosError","stack":"AxiosError: Request failed with status code 400\n    at settle (C:\\Users\\apexs\\OneDrive\\Documents\\buddyBot\\node_modules\\axios\\dist\\node\\axios.cjs:1913:12)\n    at IncomingMessage.handleStreamEnd (C:\\Users\\apexs\\OneDrive\\Documents\\buddyBot\\node_modules\\axios\\dist\\node\\axios.cjs:3008:11)\n    at IncomingMessage.emit (node:events:525:35)\n    at endReadableNT (node:internal/streams/readable:1359:12)\n    at process.processTicksAndRejections (node:internal/process/task_queues:82:21)","status":400},"service":"user-service","timestamp":"2023-11-21 20:16:29"}
{"level":"info","message":" successfully!","service":"user-service","timestamp":"2023-11-21 20:24:38"}
{"level":"info","message":"Connected to MongoDB successfully","service":"user-service","timestamp":"2023-11-21 20:30:34"}
{"level":"info","message":" successfully!","service":"user-service","timestamp":"2023-11-21 20:32:59"}
{"level":"info","message":"Connected to MongoDB successfully","service":"user-service","timestamp":"2023-11-21 20:51:15"}
{"level":"info","message":" successfully!","service":"user-service","timestamp":"2023-11-21 20:53:35"}
{"level":"info","message":"Connected to MongoDB successfully","service":"user-service","timestamp":"2023-11-21 20:56:54"}
{"level":"info","message":"Connected to MongoDB successfully","service":"user-service","timestamp":"2023-11-21 20:59:45"}
{"level":"info","message":"Connected to MongoDB successfully","service":"user-service","timestamp":"2023-11-21 23:02:52"}
{"level":"info","message":"Connected to MongoDB successfully","service":"user-service","timestamp":"2023-11-21 23:53:09"}
{"level":"info","message":"Connected to MongoDB successfully","service":"user-service","timestamp":"2023-11-21 23:53:32"}
{"level":"info","message":"Connected to MongoDB successfully","service":"user-service","timestamp":"2023-11-21 23:57:27"}
{"level":"info","message":"Connected to MongoDB successfully","service":"user-service","timestamp":"2023-11-22 00:00:10"}
{"level":"info","message":"Connected to MongoDB successfully","service":"user-service","timestamp":"2023-11-22 00:00:22"}
{"level":"info","message":" successfully!","service":"user-service","timestamp":"2023-11-22 00:03:36"}
{"level":"info","message":"Connected to MongoDB successfully","service":"user-service","timestamp":"2023-11-22 00:09:43"}
{"level":"info","message":" successfully!","service":"user-service","timestamp":"2023-11-22 00:10:21"}
{"level":"info","message":"Connected to MongoDB successfully","service":"user-service","timestamp":"2023-11-22 12:23:22"}
{"level":"info","message":" successfully!","service":"user-service","timestamp":"2023-11-22 12:25:13"}
{"level":"info","message":"Connected to MongoDB successfully","service":"user-service","timestamp":"2023-11-22 12:28:56"}
{"level":"info","message":"Connected to MongoDB successfully","service":"user-service","timestamp":"2023-11-22 12:29:16"}
{"level":"info","message":" successfully!","service":"user-service","timestamp":"2023-11-22 12:29:42"}
{"level":"info","message":" successfully!","service":"user-service","timestamp":"2023-11-22 19:49:04"}
{"level":"info","message":"Connected to MongoDB successfully","service":"user-service","timestamp":"2023-11-22 20:35:40"}
{"level":"info","message":"Connected to MongoDB successfully","service":"user-service","timestamp":"2023-11-22 20:38:26"}
