{"level":"info","message":"Connected to MongoDB successfully","service":"user-service","timestamp":"2023-11-23 10:33:31"}
{"level":"error","message":"Cannot read properties of undefined (reading 'hasProperty')","service":"user-service","timestamp":"2023-11-23 10:36:11"}
{"level":"error","message":"Cannot read properties of undefined (reading 'mobilenetwork')","service":"user-service","timestamp":"2023-11-23 10:36:11"}
{"level":"info","message":"Connected to MongoDB successfully","service":"user-service","timestamp":"2023-11-23 10:51:25"}
{"level":"info","message":"Connected to MongoDB successfully","service":"user-service","timestamp":"2023-11-23 10:51:44"}
{"level":"info","message":"Connected to MongoDB successfully","service":"user-service","timestamp":"2023-11-23 10:52:36"}
{"level":"error","message":"Error connecting to RossyTech: AxiosError: Request failed with status code 400 ....Request failed with status code 400","service":"user-service","timestamp":"2023-11-23 10:56:54"}
{"level":"error","message":"Cannot read properties of undefined (reading 'hasOwnProperty')","service":"user-service","timestamp":"2023-11-23 10:56:56"}
{"level":"error","message":"Cannot read properties of undefined (reading 'mobilenetwork')","service":"user-service","timestamp":"2023-11-23 10:56:56"}
{"level":"error","message":"Error connecting to RossyTech: AxiosError: Request failed with status code 400 ....Request failed with status code 400","service":"user-service","timestamp":"2023-11-23 11:41:38"}
{"level":"error","message":"Cannot read properties of undefined (reading 'hasOwnProperty')","service":"user-service","timestamp":"2023-11-23 11:41:40"}
{"level":"error","message":"Cannot read properties of undefined (reading 'mobilenetwork')","service":"user-service","timestamp":"2023-11-23 11:41:40"}
{"level":"info","message":"Connected to MongoDB successfully","service":"user-service","timestamp":"2023-11-23 11:44:06"}
{"level":"error","message":"Error connecting to RossyTech: AxiosError: Request failed with status code 400 ....Request failed with status code 400","service":"user-service","timestamp":"2023-11-23 11:47:09"}
{"level":"error","message":"Cannot read properties of undefined (reading 'hasOwnProperty')","service":"user-service","timestamp":"2023-11-23 11:47:10"}
{"level":"error","message":"Cannot read properties of undefined (reading 'mobilenetwork')","service":"user-service","timestamp":"2023-11-23 11:47:11"}
{"level":"info","message":"Connected to MongoDB successfully","service":"user-service","timestamp":"2023-11-23 11:48:17"}
{"level":"error","message":"Error connecting to RossyTech: AxiosError: Request failed with status code 400 ....Request failed with status code 400","service":"user-service","timestamp":"2023-11-23 11:48:43"}
{"level":"error","message":"Cannot read properties of undefined (reading 'hasOwnProperty')","service":"user-service","timestamp":"2023-11-23 11:48:45"}
{"level":"error","message":"Cannot read properties of undefined (reading 'hasOwnProperty')","service":"user-service","timestamp":"2023-11-23 11:48:45"}
{"level":"error","message":"Cannot read properties of undefined (reading 'mobilenetwork')","service":"user-service","timestamp":"2023-11-23 11:48:46"}
{"level":"info","message":"Connected to MongoDB successfully","service":"user-service","timestamp":"2023-11-23 11:52:39"}
{"level":"error","message":"Error connecting to RossyTech: AxiosError: Request failed with status code 400 ....Request failed with status code 400","service":"user-service","timestamp":"2023-11-23 11:54:21"}
{"level":"error","message":"Cannot read properties of undefined (reading 'hasOwnProperty')","service":"user-service","timestamp":"2023-11-23 11:54:22"}
{"level":"error","message":"Cannot read properties of undefined (reading 'hasOwnProperty')","service":"user-service","timestamp":"2023-11-23 11:54:22"}
{"level":"error","message":"Cannot read properties of undefined (reading 'hasOwnProperty')","service":"user-service","timestamp":"2023-11-23 11:54:22"}
{"level":"error","message":"Cannot read properties of undefined (reading 'mobilenetwork')","service":"user-service","timestamp":"2023-11-23 11:54:23"}
{"level":"info","message":"Connected to MongoDB successfully","service":"user-service","timestamp":"2023-11-23 11:55:11"}
{"level":"info","message":"Connected to MongoDB successfully","service":"user-service","timestamp":"2023-11-23 11:57:13"}
{"level":"info","message":"Connected to MongoDB successfully","service":"user-service","timestamp":"2023-11-23 11:57:29"}
{"level":"error","message":"Error connecting to RossyTech: AxiosError: Request failed with status code 400 ....Request failed with status code 400","service":"user-service","timestamp":"2023-11-23 11:58:00"}
{"level":"error","message":"Cannot read properties of undefined (reading 'hasOwnProperty')","service":"user-service","timestamp":"2023-11-23 11:58:01"}
{"level":"error","message":"Cannot read properties of undefined (reading 'hasOwnProperty')","service":"user-service","timestamp":"2023-11-23 11:58:01"}
{"level":"error","message":"Cannot read properties of undefined (reading 'hasOwnProperty')","service":"user-service","timestamp":"2023-11-23 11:58:01"}
{"level":"error","message":"Cannot read properties of undefined (reading 'mobilenetwork')","service":"user-service","timestamp":"2023-11-23 11:58:02"}
{"level":"info","message":"Connected to MongoDB successfully","service":"user-service","timestamp":"2023-11-23 11:59:34"}
{"level":"error","message":"Error connecting to RossyTech: AxiosError: Request failed with status code 400 ....Request failed with status code 400","service":"user-service","timestamp":"2023-11-23 12:00:23"}
{"level":"error","message":"Cannot read properties of undefined (reading 'hasOwnProperty')","service":"user-service","timestamp":"2023-11-23 12:00:24"}
{"level":"error","message":"Cannot read properties of undefined (reading 'hasOwnProperty')","service":"user-service","timestamp":"2023-11-23 12:00:25"}
{"level":"error","message":"Cannot read properties of undefined (reading 'hasOwnProperty')","service":"user-service","timestamp":"2023-11-23 12:00:25"}
{"level":"error","message":"Cannot read properties of undefined (reading 'mobilenetwork')","service":"user-service","timestamp":"2023-11-23 12:00:25"}
{"level":"info","message":"Connected to MongoDB successfully","service":"user-service","timestamp":"2023-11-23 12:01:42"}
{"level":"error","message":"Error connecting to RossyTech: AxiosError: Request failed with status code 400 ....Request failed with status code 400","service":"user-service","timestamp":"2023-11-23 12:02:24"}
{"level":"error","message":"Unexpected token u in JSON at position 0","service":"user-service","timestamp":"2023-11-23 12:02:26"}
{"level":"info","message":"Connected to MongoDB successfully","service":"user-service","timestamp":"2023-11-23 12:09:40"}
{"level":"error","message":"Error connecting to RossyTech: AxiosError: Request failed with status code 400 ....Request failed with status code 400","service":"user-service","timestamp":"2023-11-23 12:10:12"}
{"level":"error","message":"Unexpected token o in JSON at position 1","service":"user-service","timestamp":"2023-11-23 12:10:13"}
{"level":"info","message":"Connected to MongoDB successfully","service":"user-service","timestamp":"2023-11-23 12:10:43"}
{"level":"error","message":"Error connecting to RossyTech: AxiosError: Request failed with status code 400 ....Request failed with status code 400","service":"user-service","timestamp":"2023-11-23 12:11:20"}
{"level":"error","message":"Unexpected token o in JSON at position 1","service":"user-service","timestamp":"2023-11-23 12:11:22"}
{"level":"info","message":"Connected to MongoDB successfully","service":"user-service","timestamp":"2023-11-23 12:13:37"}
{"level":"error","message":"Error connecting to RossyTech: AxiosError: Request failed with status code 400 ....Request failed with status code 400","service":"user-service","timestamp":"2023-11-23 12:14:34"}
{"level":"error","message":"Unexpected token o in JSON at position 1","service":"user-service","timestamp":"2023-11-23 12:14:37"}
{"level":"info","message":"Connected to MongoDB successfully","service":"user-service","timestamp":"2023-11-23 12:15:37"}
{"level":"info","message":"Connected to MongoDB successfully","service":"user-service","timestamp":"2023-11-23 12:18:42"}
{"level":"error","message":"rossyResponseData is not defined","service":"user-service","timestamp":"2023-11-23 12:19:17"}
{"level":"info","message":"Connected to MongoDB successfully","service":"user-service","timestamp":"2023-11-23 12:42:41"}
{"level":"error","message":"Error connecting to ClubKonnect: undefined","service":"user-service","timestamp":"2023-11-23 12:43:42"}
{"level":"error","message":"userState is not defined","service":"user-service","timestamp":"2023-11-23 12:43:42"}
{"level":"error","message":"Error connecting to ClubKonnect: undefined","service":"user-service","timestamp":"2023-11-23 12:44:49"}
{"level":"error","message":"userState is not defined","service":"user-service","timestamp":"2023-11-23 12:44:49"}
{"level":"info","message":"Connected to MongoDB successfully","service":"user-service","timestamp":"2023-11-23 12:45:34"}
{"level":"error","message":"Error connecting to ClubKonnect: undefined","service":"user-service","timestamp":"2023-11-23 12:46:28"}
{"level":"error","message":"userState is not defined","service":"user-service","timestamp":"2023-11-23 12:46:28"}
{"level":"info","message":"Connected to MongoDB successfully","service":"user-service","timestamp":"2023-11-23 12:50:24"}
{"level":"error","message":"Error connecting to ClubKonnect: undefined","service":"user-service","timestamp":"2023-11-23 12:51:11"}
{"level":"info","message":"Connected to MongoDB successfully","service":"user-service","timestamp":"2023-11-23 12:51:42"}
{"level":"error","message":"Error connecting to ClubKonnect: undefined","service":"user-service","timestamp":"2023-11-23 12:52:51"}
{"level":"info","message":"Connected to MongoDB successfully","service":"user-service","timestamp":"2023-11-23 12:53:22"}
{"level":"info","message":"Connected to MongoDB successfully","service":"user-service","timestamp":"2023-11-23 12:58:30"}
{"level":"error","message":"Error connecting to RossyTech: AxiosError: Request failed with status code 400 ....Request failed with status code 400","service":"user-service","timestamp":"2023-11-23 13:00:09"}
{"level":"error","message":"Error connecting to ClubKonnect: undefined","service":"user-service","timestamp":"2023-11-23 13:00:11"}
{"level":"info","message":"Connected to MongoDB successfully","service":"user-service","timestamp":"2023-11-23 13:03:47"}
{"level":"error","message":"Error connecting to RossyTech: AxiosError: Request failed with status code 400 ....Request failed with status code 400","service":"user-service","timestamp":"2023-11-23 13:04:21"}
{"level":"error","message":"Error connecting to ClubKonnect: undefined","service":"user-service","timestamp":"2023-11-23 13:04:23"}
{"level":"info","message":"Connected to MongoDB successfully","service":"user-service","timestamp":"2023-11-23 13:15:09"}
{"level":"error","message":"Error connecting to RossyTech: AxiosError: Request failed with status code 400 ....Request failed with status code 400","service":"user-service","timestamp":"2023-11-23 13:20:47"}
{"level":"error","message":"clubKonectResponseData is not defined","service":"user-service","timestamp":"2023-11-23 13:20:48"}
{"level":"error","message":"Error connecting to RossyTech: AxiosError: Request failed with status code 400 ....Request failed with status code 400","service":"user-service","timestamp":"2023-11-23 13:23:10"}
{"level":"error","message":"clubKonectResponseData is not defined","service":"user-service","timestamp":"2023-11-23 13:23:12"}
{"level":"info","message":"Connected to MongoDB successfully","service":"user-service","timestamp":"2023-11-23 20:53:28"}
{"level":"info","message":"Connected to MongoDB successfully","service":"user-service","timestamp":"2023-11-23 20:54:58"}
{"level":"error","message":"Error connecting to ClubKonnect: [object Object]","service":"user-service","timestamp":"2023-11-23 20:55:57"}
{"level":"info","message":"Connected to MongoDB successfully","service":"user-service","timestamp":"2023-11-23 21:02:31"}
{"level":"info","message":"Connected to MongoDB successfully","service":"user-service","timestamp":"2023-11-23 21:05:40"}
{"level":"info","message":"Connected to MongoDB successfully","service":"user-service","timestamp":"2023-11-23 21:06:09"}
{"level":"error","service":"user-service","timestamp":"2023-11-23 21:07:38"}
{"level":"error","service":"user-service","timestamp":"2023-11-23 21:07:57"}
{"level":"info","message":"Connected to MongoDB successfully","service":"user-service","timestamp":"2023-11-23 21:23:07"}
{"level":"info","message":"Connected to MongoDB successfully","service":"user-service","timestamp":"2023-11-24 22:00:27"}
{"level":"info","message":"Connected to MongoDB successfully","service":"user-service","timestamp":"2023-11-24 23:04:19"}
{"level":"info","message":"Connected to MongoDB successfully","service":"user-service","timestamp":"2023-11-24 23:04:54"}
{"level":"info","message":"Connected to MongoDB successfully","service":"user-service","timestamp":"2023-11-24 23:24:43"}
{"level":"info","message":"Connected to MongoDB successfully","service":"user-service","timestamp":"2023-11-24 23:48:20"}
{"level":"info","message":"Connected to MongoDB successfully","service":"user-service","timestamp":"2023-11-24 23:50:32"}
{"level":"info","message":"Connected to MongoDB successfully","service":"user-service","timestamp":"2023-11-26 20:14:56"}
{"level":"info","message":"Connected to MongoDB successfully","service":"user-service","timestamp":"2023-11-26 20:15:39"}
{"level":"error","service":"user-service","timestamp":"2023-11-26 20:16:07"}
{"level":"info","message":"Connected to MongoDB successfully","service":"user-service","timestamp":"2023-11-26 20:20:10"}
{"level":"info","message":"Connected to MongoDB successfully","service":"user-service","timestamp":"2023-11-26 20:30:51"}
{"level":"info","message":"Connected to MongoDB successfully","service":"user-service","timestamp":"2023-11-26 20:32:35"}
{"level":"info","message":"Connected to MongoDB successfully","service":"user-service","timestamp":"2023-11-26 20:34:00"}
{"level":"info","message":"Connected to MongoDB successfully","service":"user-service","timestamp":"2023-11-26 20:37:06"}
{"level":"error","message":"Error connecting to RossyTech: AxiosError: Request failed with status code 400 ....Request failed with status code 400","service":"user-service","timestamp":"2023-11-26 20:44:13"}
{"level":"error","message":"Error connecting to RossyTech: AxiosError: Request failed with status code 400 ....Request failed with status code 400","service":"user-service","timestamp":"2023-11-26 20:45:55"}
{"level":"info","message":"Connected to MongoDB successfully","service":"user-service","timestamp":"2023-11-26 20:50:05"}
{"level":"info","message":"Connected to MongoDB successfully","service":"user-service","timestamp":"2023-11-26 21:07:46"}
{"level":"info","message":"Connected to MongoDB successfully","service":"user-service","timestamp":"2023-11-26 21:57:00"}
{"level":"error","message":"Error connecting to RossyTech: AxiosError: Request failed with status code 400 ....Request failed with status code 400","service":"user-service","timestamp":"2023-11-26 21:58:31"}
{"level":"info","message":"Connected to MongoDB successfully","service":"user-service","timestamp":"2023-11-26 22:30:23"}
{"level":"info","message":"Connected to MongoDB successfully","service":"user-service","timestamp":"2023-11-27 09:37:16"}
{"level":"info","message":"Connected to MongoDB successfully","service":"user-service","timestamp":"2023-11-27 09:57:46"}
{"level":"info","message":"Connected to MongoDB successfully","service":"user-service","timestamp":"2023-11-27 09:59:27"}
{"level":"info","message":"Connected to MongoDB successfully","service":"user-service","timestamp":"2023-11-27 10:00:56"}
{"level":"info","message":"Connected to MongoDB successfully","service":"user-service","timestamp":"2023-11-27 10:06:39"}
{"level":"info","message":"Connected to MongoDB successfully","service":"user-service","timestamp":"2023-11-27 10:07:50"}
{"level":"info","message":"Connected to MongoDB successfully","service":"user-service","timestamp":"2023-11-27 10:11:05"}
{"level":"info","message":"Connected to MongoDB successfully","service":"user-service","timestamp":"2023-11-27 10:12:03"}
{"level":"info","message":"Connected to MongoDB successfully","service":"user-service","timestamp":"2023-11-27 10:18:30"}
{"level":"info","message":"Connected to MongoDB successfully","service":"user-service","timestamp":"2023-11-27 10:18:59"}
{"level":"info","message":"Connected to MongoDB successfully","service":"user-service","timestamp":"2023-11-27 10:24:33"}
{"level":"info","message":"Connected to MongoDB successfully","service":"user-service","timestamp":"2023-11-27 10:28:12"}
{"level":"info","message":"Connected to MongoDB successfully","service":"user-service","timestamp":"2023-11-27 10:29:44"}
{"level":"info","message":"Connected to MongoDB successfully","service":"user-service","timestamp":"2023-11-27 10:32:43"}
{"level":"info","message":"Connected to MongoDB successfully","service":"user-service","timestamp":"2023-11-27 10:40:15"}
{"level":"info","message":"Connected to MongoDB successfully","service":"user-service","timestamp":"2023-11-27 10:41:32"}
{"level":"info","message":"Connected to MongoDB successfully","service":"user-service","timestamp":"2023-11-27 10:42:49"}
